mode: set
github.com/hawadwi/courier-service/handler.go:14.65,16.2 1 1
github.com/hawadwi/courier-service/handler.go:19.80,22.61 2 1
github.com/hawadwi/courier-service/handler.go:22.61,25.3 2 1
github.com/hawadwi/courier-service/handler.go:27.2,27.68 1 1
github.com/hawadwi/courier-service/handler.go:27.68,30.3 2 1
github.com/hawadwi/courier-service/handler.go:32.2,41.58 2 1
github.com/hawadwi/courier-service/handler.go:41.58,44.3 2 0
github.com/hawadwi/courier-service/handler.go:46.2,47.37 2 1
github.com/hawadwi/courier-service/handler.go:51.87,54.17 2 1
github.com/hawadwi/courier-service/handler.go:54.17,57.3 2 1
github.com/hawadwi/courier-service/handler.go:59.2,60.34 2 1
github.com/hawadwi/courier-service/handler.go:60.34,63.3 2 1
github.com/hawadwi/courier-service/handler.go:66.2,86.4 4 1
github.com/hawadwi/courier-service/handler.go:90.73,95.2 2 1
github.com/hawadwi/courier-service/main.go:9.13,19.2 7 0
github.com/hawadwi/courier-service/service.go:13.42,15.2 1 1
github.com/hawadwi/courier-service/service.go:18.66,19.21 1 1
github.com/hawadwi/courier-service/service.go:19.21,21.3 1 0
github.com/hawadwi/courier-service/service.go:23.2,23.25 1 1
github.com/hawadwi/courier-service/service.go:23.25,25.3 1 0
github.com/hawadwi/courier-service/service.go:27.2,27.34 1 1
github.com/hawadwi/courier-service/service.go:27.34,29.3 1 0
github.com/hawadwi/courier-service/service.go:31.2,31.29 1 1
github.com/hawadwi/courier-service/service.go:31.29,33.3 1 1
github.com/hawadwi/courier-service/service.go:35.2,36.12 2 1
github.com/hawadwi/courier-service/service.go:40.69,41.21 1 1
github.com/hawadwi/courier-service/service.go:41.21,43.3 1 0
github.com/hawadwi/courier-service/service.go:45.2,45.38 1 1
github.com/hawadwi/courier-service/service.go:45.38,47.3 1 0
github.com/hawadwi/courier-service/service.go:49.2,52.12 4 1
github.com/hawadwi/courier-service/service.go:56.96,58.38 2 1
github.com/hawadwi/courier-service/service.go:58.38,59.38 1 1
github.com/hawadwi/courier-service/service.go:59.38,61.4 1 1
github.com/hawadwi/courier-service/service.go:63.2,63.15 1 1
github.com/hawadwi/courier-service/service.go:67.69,68.21 1 1
github.com/hawadwi/courier-service/service.go:68.21,70.3 1 0
github.com/hawadwi/courier-service/service.go:72.2,72.25 1 1
github.com/hawadwi/courier-service/service.go:72.25,74.3 1 1
github.com/hawadwi/courier-service/service.go:76.2,76.29 1 1
github.com/hawadwi/courier-service/service.go:76.29,78.3 1 0
github.com/hawadwi/courier-service/service.go:80.2,80.33 1 1
github.com/hawadwi/courier-service/service.go:80.33,82.3 1 0
github.com/hawadwi/courier-service/service.go:84.2,84.35 1 1
github.com/hawadwi/courier-service/service.go:84.35,86.3 1 1
github.com/hawadwi/courier-service/service.go:88.2,88.12 1 1
