mode: set
github.com/hawadwi/gudang-service/handler.go:54.65,56.2 1 1
github.com/hawadwi/gudang-service/handler.go:59.76,63.16 3 1
github.com/hawadwi/gudang-service/handler.go:63.16,66.3 2 1
github.com/hawadwi/gudang-service/handler.go:69.2,69.20 1 1
github.com/hawadwi/gudang-service/handler.go:69.20,72.3 2 1
github.com/hawadwi/gudang-service/handler.go:74.2,74.29 1 1
github.com/hawadwi/gudang-service/handler.go:74.29,77.3 2 1
github.com/hawadwi/gudang-service/handler.go:79.2,79.22 1 1
github.com/hawadwi/gudang-service/handler.go:79.22,82.3 2 1
github.com/hawadwi/gudang-service/handler.go:85.2,85.29 1 1
github.com/hawadwi/gudang-service/handler.go:85.29,88.3 2 1
github.com/hawadwi/gudang-service/handler.go:91.2,104.4 4 1
github.com/hawadwi/gudang-service/handler.go:108.73,115.2 3 1
github.com/hawadwi/gudang-service/main.go:9.13,18.2 6 0
github.com/hawadwi/gudang-service/service.go:13.42,15.2 1 1
github.com/hawadwi/gudang-service/service.go:18.59,19.16 1 1
github.com/hawadwi/gudang-service/service.go:19.16,21.3 1 0
github.com/hawadwi/gudang-service/service.go:23.2,23.20 1 1
github.com/hawadwi/gudang-service/service.go:23.20,25.3 1 1
github.com/hawadwi/gudang-service/service.go:27.2,27.29 1 1
github.com/hawadwi/gudang-service/service.go:27.29,29.3 1 1
github.com/hawadwi/gudang-service/service.go:31.2,31.29 1 1
github.com/hawadwi/gudang-service/service.go:31.29,33.3 1 0
github.com/hawadwi/gudang-service/service.go:36.2,37.12 2 1
github.com/hawadwi/gudang-service/service.go:41.62,42.16 1 1
github.com/hawadwi/gudang-service/service.go:42.16,44.3 1 0
github.com/hawadwi/gudang-service/service.go:46.2,46.29 1 1
github.com/hawadwi/gudang-service/service.go:46.29,48.3 1 0
github.com/hawadwi/gudang-service/service.go:50.2,53.12 4 1
github.com/hawadwi/gudang-service/service.go:57.75,59.31 2 1
github.com/hawadwi/gudang-service/service.go:59.31,60.30 1 1
github.com/hawadwi/gudang-service/service.go:60.30,62.4 1 1
github.com/hawadwi/gudang-service/service.go:64.2,64.16 1 1
github.com/hawadwi/gudang-service/service.go:68.62,69.16 1 1
github.com/hawadwi/gudang-service/service.go:69.16,71.3 1 0
github.com/hawadwi/gudang-service/service.go:73.2,73.20 1 1
github.com/hawadwi/gudang-service/service.go:73.20,75.3 1 1
github.com/hawadwi/gudang-service/service.go:77.2,77.21 1 1
github.com/hawadwi/gudang-service/service.go:77.21,79.3 1 0
github.com/hawadwi/gudang-service/service.go:81.2,81.20 1 1
github.com/hawadwi/gudang-service/service.go:81.20,83.3 1 1
github.com/hawadwi/gudang-service/service.go:85.2,85.29 1 1
github.com/hawadwi/gudang-service/service.go:85.29,87.3 1 0
github.com/hawadwi/gudang-service/service.go:89.2,89.12 1 1
